RUN	BasicSimulation	basicsimulation	1701156403544	 	3.9.5
USER	ContinuousLoadSimulation	START	1701156404892
USER	ContinuousLoadSimulation	START	1701156404893
USER	ContinuousLoadSimulation	START	1701156404893
USER	ContinuousLoadSimulation	START	1701156404893
USER	ContinuousLoadSimulation	START	1701156404893
USER	ContinuousLoadSimulation	START	1701156404893
USER	ContinuousLoadSimulation	START	1701156404893
USER	ContinuousLoadSimulation	START	1701156404893
USER	ContinuousLoadSimulation	START	1701156404893
USER	ContinuousLoadSimulation	START	1701156404893
USER	ContinuousLoadSimulation	START	1701156404893
USER	ContinuousLoadSimulation	START	1701156404893
USER	ContinuousLoadSimulation	START	1701156404893
USER	ContinuousLoadSimulation	START	1701156404894
USER	ContinuousLoadSimulation	START	1701156404894
USER	ContinuousLoadSimulation	START	1701156404894
USER	ContinuousLoadSimulation	START	1701156404894
USER	ContinuousLoadSimulation	START	1701156404894
USER	ContinuousLoadSimulation	START	1701156404894
USER	ContinuousLoadSimulation	START	1701156404894
REQUEST		Get entries	1701156404891	1701156405233	OK	 
REQUEST		Get entries	1701156404891	1701156405316	OK	 
REQUEST		Get entries	1701156404891	1701156405357	OK	 
REQUEST		Get entries	1701156404891	1701156405392	OK	 
REQUEST		Get entries	1701156404891	1701156405392	OK	 
REQUEST		Get entries	1701156404891	1701156405418	OK	 
REQUEST		Get entries	1701156404891	1701156405419	OK	 
REQUEST		Get entries	1701156404891	1701156405419	OK	 
REQUEST		Get entries	1701156404891	1701156405420	OK	 
REQUEST		Get entries	1701156404891	1701156405434	OK	 
REQUEST		Get entries	1701156404890	1701156405453	OK	 
REQUEST		Get entries	1701156404891	1701156405453	OK	 
REQUEST		Get entries	1701156404891	1701156405455	OK	 
REQUEST		Get entries	1701156404891	1701156405472	OK	 
REQUEST		Get entries	1701156404890	1701156405472	OK	 
REQUEST		Get entries	1701156404891	1701156405490	OK	 
REQUEST		Get entries	1701156404891	1701156405490	OK	 
REQUEST		Get entries	1701156404891	1701156405492	OK	 
REQUEST		Get entries	1701156404891	1701156405493	OK	 
REQUEST		Get entries	1701156404891	1701156405493	OK	 
REQUEST		Get an entry	1701156406247	1701156406308	OK	 
REQUEST		Get an entry	1701156406319	1701156406380	OK	 
REQUEST		Get an entry	1701156406361	1701156406423	OK	 
REQUEST		Get an entry	1701156406394	1701156406614	OK	 
REQUEST		Get an entry	1701156406394	1701156406636	OK	 
REQUEST		Get an entry	1701156406422	1701156406908	OK	 
REQUEST		Get an entry	1701156406421	1701156406908	OK	 
REQUEST		Get an entry	1701156406422	1701156406909	OK	 
REQUEST		Get an entry	1701156406422	1701156406918	OK	 
REQUEST		Get an entry	1701156406437	1701156406925	OK	 
REQUEST		Get an entry	1701156406474	1701156406934	OK	 
REQUEST		Get an entry	1701156406455	1701156406934	OK	 
REQUEST		Get an entry	1701156406474	1701156406934	OK	 
REQUEST		Get an entry	1701156406492	1701156406934	OK	 
REQUEST		Get an entry	1701156406457	1701156406935	OK	 
REQUEST		Get an entry	1701156406494	1701156406937	OK	 
REQUEST		Get an entry	1701156406494	1701156406938	OK	 
REQUEST		Get an entry	1701156406492	1701156406938	OK	 
REQUEST		Get an entry	1701156406494	1701156406938	OK	 
REQUEST		Get an entry	1701156406455	1701156406941	OK	 
REQUEST		Get entries	1701156407313	1701156407374	OK	 
REQUEST		Get entries	1701156407383	1701156407439	OK	 
REQUEST		Get entries	1701156407426	1701156407484	OK	 
REQUEST		Get entries	1701156407618	1701156407674	OK	 
REQUEST		Get entries	1701156407639	1701156407694	OK	 
REQUEST		Get entries	1701156407911	1701156408213	OK	 
REQUEST		Get entries	1701156407936	1701156408256	OK	 
REQUEST		Get entries	1701156407911	1701156408256	OK	 
REQUEST		Get entries	1701156407911	1701156408256	OK	 
REQUEST		Get entries	1701156407926	1701156408257	OK	 
REQUEST		Get entries	1701156407920	1701156408259	OK	 
REQUEST		Get entries	1701156407936	1701156408260	OK	 
REQUEST		Get entries	1701156407940	1701156408268	OK	 
REQUEST		Get entries	1701156407937	1701156408268	OK	 
REQUEST		Get entries	1701156407936	1701156408268	OK	 
REQUEST		Get entries	1701156407940	1701156408270	OK	 
REQUEST		Get entries	1701156407936	1701156408270	OK	 
REQUEST		Get entries	1701156407943	1701156408272	OK	 
REQUEST		Get entries	1701156407938	1701156408272	OK	 
REQUEST		Get entries	1701156407940	1701156408273	OK	 
REQUEST		Get an entry	1701156408377	1701156408433	OK	 
REQUEST		Get an entry	1701156408440	1701156408492	OK	 
REQUEST		Get an entry	1701156408486	1701156408539	OK	 
REQUEST		Get an entry	1701156408678	1701156408753	OK	 
REQUEST		Get an entry	1701156408697	1701156408761	OK	 
REQUEST		Get an entry	1701156409216	1701156409406	OK	 
REQUEST		Get an entry	1701156409263	1701156409657	OK	 
REQUEST		Get an entry	1701156409258	1701156409662	OK	 
REQUEST		Get an entry	1701156409257	1701156409664	OK	 
REQUEST		Get an entry	1701156409258	1701156409665	OK	 
REQUEST		Get an entry	1701156409258	1701156409678	OK	 
REQUEST		Get an entry	1701156409260	1701156409689	OK	 
REQUEST		Get an entry	1701156409271	1701156409693	OK	 
REQUEST		Get an entry	1701156409273	1701156409694	OK	 
REQUEST		Get an entry	1701156409274	1701156409694	OK	 
REQUEST		Get an entry	1701156409271	1701156409696	OK	 
REQUEST		Get an entry	1701156409273	1701156409698	OK	 
REQUEST		Get an entry	1701156409270	1701156409700	OK	 
REQUEST		Get an entry	1701156409269	1701156409700	OK	 
REQUEST		Get an entry	1701156409270	1701156409700	OK	 
REQUEST		Get entries	1701156409435	1701156409710	OK	 
REQUEST		Get entries	1701156409493	1701156409710	OK	 
REQUEST		Get entries	1701156409541	1701156409713	OK	 
REQUEST		Get entries	1701156409762	1701156409822	OK	 
REQUEST		Get entries	1701156409756	1701156409822	OK	 
REQUEST		Get entries	1701156410408	1701156410474	OK	 
REQUEST		Get entries	1701156410660	1701156410849	OK	 
REQUEST		Get entries	1701156410665	1701156410864	OK	 
REQUEST		Get entries	1701156410663	1701156411039	OK	 
REQUEST		Get entries	1701156410667	1701156411041	OK	 
REQUEST		Get entries	1701156410679	1701156411041	OK	 
REQUEST		Get entries	1701156410691	1701156411047	OK	 
REQUEST		Get entries	1701156410695	1701156411071	OK	 
REQUEST		Get an entry	1701156410711	1701156411074	OK	 
REQUEST		Get entries	1701156410698	1701156411074	OK	 
REQUEST		Get entries	1701156410701	1701156411074	OK	 
REQUEST		Get entries	1701156410695	1701156411074	OK	 
REQUEST		Get entries	1701156410696	1701156411074	OK	 
REQUEST		Get entries	1701156410695	1701156411075	OK	 
REQUEST		Get entries	1701156410701	1701156411074	OK	 
REQUEST		Get entries	1701156410702	1701156411074	OK	 
REQUEST		Get an entry	1701156410714	1701156411075	OK	 
REQUEST		Get an entry	1701156410711	1701156411088	OK	 
REQUEST		Get an entry	1701156410823	1701156411091	OK	 
REQUEST		Get an entry	1701156410824	1701156411092	OK	 
REQUEST		Get an entry	1701156411476	1701156411537	OK	 
REQUEST		Get an entry	1701156411851	1701156411920	OK	 
REQUEST		Get an entry	1701156411865	1701156411922	OK	 
REQUEST		Get an entry	1701156412043	1701156412365	OK	 
REQUEST		Get an entry	1701156412043	1701156412400	OK	 
REQUEST		Get an entry	1701156412049	1701156412424	OK	 
REQUEST		Get entries	1701156412092	1701156412424	OK	 
REQUEST		Get an entry	1701156412077	1701156412425	OK	 
REQUEST		Get an entry	1701156412073	1701156412425	OK	 
REQUEST		Get an entry	1701156412042	1701156412424	OK	 
REQUEST		Get an entry	1701156412076	1701156412426	OK	 
REQUEST		Get entries	1701156412076	1701156412426	OK	 
REQUEST		Get an entry	1701156412076	1701156412426	OK	 
REQUEST		Get entries	1701156412090	1701156412426	OK	 
REQUEST		Get an entry	1701156412077	1701156412426	OK	 
REQUEST		Get an entry	1701156412077	1701156412432	OK	 
REQUEST		Get an entry	1701156412076	1701156412432	OK	 
REQUEST		Get entries	1701156412076	1701156412436	OK	 
REQUEST		Get an entry	1701156412076	1701156412440	OK	 
REQUEST		Get entries	1701156412093	1701156412440	OK	 
REQUEST		Get entries	1701156412540	1701156412599	OK	 
REQUEST		Get entries	1701156412923	1701156412987	OK	 
REQUEST		Get entries	1701156412924	1701156412990	OK	 
REQUEST		Get entries	1701156413370	1701156413424	OK	 
REQUEST		Get entries	1701156413402	1701156413658	OK	 
REQUEST		Get an entry	1701156413427	1701156413749	OK	 
REQUEST		Get entries	1701156413426	1701156413751	OK	 
REQUEST		Get an entry	1701156413426	1701156413751	OK	 
REQUEST		Get entries	1701156413427	1701156413769	OK	 
REQUEST		Get entries	1701156413426	1701156413771	OK	 
REQUEST		Get entries	1701156413427	1701156413773	OK	 
REQUEST		Get an entry	1701156413428	1701156413786	OK	 
REQUEST		Get entries	1701156413427	1701156413789	OK	 
REQUEST		Get entries	1701156413426	1701156413793	OK	 
REQUEST		Get an entry	1701156413438	1701156413793	OK	 
REQUEST		Get entries	1701156413433	1701156413793	OK	 
REQUEST		Get entries	1701156413433	1701156413793	OK	 
REQUEST		Get entries	1701156413427	1701156413794	OK	 
REQUEST		Get entries	1701156413441	1701156413795	OK	 
REQUEST		Get an entry	1701156413442	1701156413795	OK	 
REQUEST		Get an entry	1701156413600	1701156413797	OK	 
REQUEST		Get an entry	1701156413989	1701156414079	OK	 
REQUEST		Get an entry	1701156413991	1701156414080	OK	 
REQUEST		Get an entry	1701156414427	1701156414483	OK	 
REQUEST		Get an entry	1701156414661	1701156414715	OK	 
REQUEST		Get an entry	1701156414764	1701156415101	OK	 
REQUEST		Get an entry	1701156414772	1701156415167	OK	 
REQUEST		Get entries	1701156414764	1701156415167	OK	 
REQUEST		Get an entry	1701156414771	1701156415167	OK	 
REQUEST		Get entries	1701156414794	1701156415178	OK	 
REQUEST		Get an entry	1701156414795	1701156415178	OK	 
REQUEST		Get an entry	1701156414795	1701156415181	OK	 
REQUEST		Get an entry	1701156414794	1701156415181	OK	 
REQUEST		Get entries	1701156414753	1701156415186	OK	 
REQUEST		Get an entry	1701156414792	1701156415186	OK	 
REQUEST		Get entries	1701156414788	1701156415186	OK	 
REQUEST		Get an entry	1701156414775	1701156415187	OK	 
REQUEST		Get entries	1701156414799	1701156415194	OK	 
REQUEST		Get entries	1701156414796	1701156415213	OK	 
REQUEST		Get an entry	1701156414795	1701156415217	OK	 
REQUEST		Get entries	1701156415082	1701156415218	OK	 
REQUEST		Get entries	1701156415081	1701156415218	OK	 
REQUEST		Get an entry	1701156414795	1701156415217	OK	 
REQUEST		Get entries	1701156415485	1701156415540	OK	 
REQUEST		Get entries	1701156415717	1701156415773	OK	 
REQUEST		Get entries	1701156416102	1701156416151	OK	 
REQUEST		Get an entry	1701156416180	1701156416538	OK	 
REQUEST		Get entries	1701156416169	1701156416538	OK	 
REQUEST		Get entries	1701156416168	1701156416538	OK	 
REQUEST		Get an entry	1701156416168	1701156416538	OK	 
REQUEST		Get entries	1701156416183	1701156416546	OK	 
REQUEST		Get an entry	1701156416188	1701156416546	OK	 
REQUEST		Get an entry	1701156416195	1701156416546	OK	 
REQUEST		Get an entry	1701156416219	1701156416546	OK	 
REQUEST		Get an entry	1701156416188	1701156416548	OK	 
REQUEST		Get entries	1701156416219	1701156416548	OK	 
REQUEST		Get an entry	1701156416219	1701156416548	OK	 
REQUEST		Get an entry	1701156416215	1701156416548	OK	 
REQUEST		Get entries	1701156416219	1701156416548	OK	 
REQUEST		Get entries	1701156416188	1701156416549	OK	 
REQUEST		Get entries	1701156416180	1701156416550	OK	 
REQUEST		Get entries	1701156416188	1701156416550	OK	 
REQUEST		Get entries	1701156416183	1701156416550	OK	 
REQUEST		Get an entry	1701156416541	1701156416598	OK	 
REQUEST		Get an entry	1701156416776	1701156416838	OK	 
REQUEST		Get an entry	1701156417154	1701156417217	OK	 
REQUEST		Get an entry	1701156417540	1701156417867	OK	 
REQUEST		Get an entry	1701156417540	1701156417906	OK	 
REQUEST		Get entries	1701156417540	1701156417933	OK	 
REQUEST		Get entries	1701156417540	1701156417934	OK	 
REQUEST		Get an entry	1701156417548	1701156417934	OK	 
REQUEST		Get entries	1701156417548	1701156417934	OK	 
REQUEST		Get entries	1701156417548	1701156417936	OK	 
REQUEST		Get an entry	1701156417551	1701156417940	OK	 
REQUEST		Get an entry	1701156417551	1701156417942	OK	 
REQUEST		Get entries	1701156417548	1701156417942	OK	 
REQUEST		Get an entry	1701156417551	1701156417942	OK	 
REQUEST		Get entries	1701156417600	1701156417942	OK	 
REQUEST		Get an entry	1701156417550	1701156417944	OK	 
REQUEST		Get entries	1701156417550	1701156417944	OK	 
REQUEST		Get entries	1701156417550	1701156417944	OK	 
REQUEST		Get an entry	1701156417550	1701156417944	OK	 
REQUEST		Get entries	1701156417550	1701156417946	OK	 
REQUEST		Get an entry	1701156417552	1701156417947	OK	 
REQUEST		Get entries	1701156417841	1701156417966	OK	 
REQUEST		Get entries	1701156418220	1701156418284	OK	 
REQUEST		Get entries	1701156418871	1701156418930	OK	 
REQUEST		Get entries	1701156418908	1701156419195	OK	 
REQUEST		Get an entry	1701156418936	1701156419262	OK	 
REQUEST		Get an entry	1701156418938	1701156419275	OK	 
REQUEST		Get an entry	1701156418935	1701156419275	OK	 
REQUEST		Get an entry	1701156418943	1701156419279	OK	 
REQUEST		Get an entry	1701156418936	1701156419279	OK	 
REQUEST		Get an entry	1701156418968	1701156419279	OK	 
REQUEST		Get entries	1701156418936	1701156419283	OK	 
REQUEST		Get entries	1701156418945	1701156419283	OK	 
REQUEST		Get an entry	1701156418945	1701156419283	OK	 
REQUEST		Get entries	1701156418946	1701156419283	OK	 
REQUEST		Get entries	1701156418942	1701156419290	OK	 
REQUEST		Get an entry	1701156418946	1701156419309	OK	 
REQUEST		Get entries	1701156418943	1701156419314	OK	 
REQUEST		Get an entry	1701156418944	1701156419314	OK	 
REQUEST		Get an entry	1701156418948	1701156419314	OK	 
REQUEST		Get entries	1701156418948	1701156419314	OK	 
REQUEST		Get entries	1701156418943	1701156419315	OK	 
REQUEST		Get an entry	1701156419287	1701156419365	OK	 
REQUEST		Get an entry	1701156419931	1701156419990	OK	 
REQUEST		Get an entry	1701156420198	1701156420253	OK	 
REQUEST		Get entries	1701156420264	1701156420591	OK	 
REQUEST		Get entries	1701156420277	1701156420631	OK	 
REQUEST		Get entries	1701156420281	1701156420654	OK	 
REQUEST		Get entries	1701156420280	1701156420657	OK	 
REQUEST		Get entries	1701156420277	1701156420665	OK	 
REQUEST		Get entries	1701156420281	1701156420666	OK	 
REQUEST		Get an entry	1701156420285	1701156420675	OK	 
REQUEST		Get an entry	1701156420284	1701156420675	OK	 
REQUEST		Get an entry	1701156420284	1701156420675	OK	 
REQUEST		Get entries	1701156420311	1701156420675	OK	 
REQUEST		Get an entry	1701156420291	1701156420675	OK	 
REQUEST		Get entries	1701156420284	1701156420675	OK	 
REQUEST		Get an entry	1701156420316	1701156420675	OK	 
REQUEST		Get an entry	1701156420316	1701156420675	OK	 
REQUEST		Get entries	1701156420367	1701156420678	OK	 
REQUEST		Get entries	1701156420316	1701156420678	OK	 
REQUEST		Get an entry	1701156420316	1701156420678	OK	 
REQUEST		Get entries	1701156420316	1701156420679	OK	 
REQUEST		Get entries	1701156420992	1701156421049	OK	 
REQUEST		Get entries	1701156421256	1701156421319	OK	 
REQUEST		Get an entry	1701156421593	1701156421653	OK	 
REQUEST		Get an entry	1701156421633	1701156421827	OK	 
REQUEST		Get an entry	1701156421656	1701156421971	OK	 
REQUEST		Get an entry	1701156421659	1701156421975	OK	 
REQUEST		Get an entry	1701156421668	1701156421982	OK	 
REQUEST		Get an entry	1701156421668	1701156421985	OK	 
REQUEST		Get entries	1701156421679	1701156421985	OK	 
REQUEST		Get entries	1701156421677	1701156421985	OK	 
REQUEST		Get entries	1701156421680	1701156421990	OK	 
REQUEST		Get an entry	1701156421680	1701156421990	OK	 
REQUEST		Get an entry	1701156421680	1701156421990	OK	 
REQUEST		Get an entry	1701156421680	1701156422000	OK	 
REQUEST		Get entries	1701156421678	1701156422000	OK	 
REQUEST		Get an entry	1701156421678	1701156422008	OK	 
REQUEST		Get entries	1701156421678	1701156422008	OK	 
REQUEST		Get an entry	1701156421677	1701156422008	OK	 
REQUEST		Get entries	1701156421678	1701156422008	OK	 
REQUEST		Get entries	1701156421678	1701156422008	OK	 
REQUEST		Get an entry	1701156422051	1701156422104	OK	 
REQUEST		Get an entry	1701156422322	1701156422377	OK	 
REQUEST		Get entries	1701156422657	1701156422719	OK	 
REQUEST		Get entries	1701156422831	1701156422892	OK	 
REQUEST		Get entries	1701156422976	1701156423202	OK	 
REQUEST		Get entries	1701156422972	1701156423204	OK	 
REQUEST		Get entries	1701156422985	1701156423272	OK	 
REQUEST		Get entries	1701156422984	1701156423276	OK	 
REQUEST		Get an entry	1701156422986	1701156423277	OK	 
REQUEST		Get entries	1701156422991	1701156423279	OK	 
REQUEST		Get an entry	1701156422986	1701156423279	OK	 
REQUEST		Get an entry	1701156422991	1701156423279	OK	 
REQUEST		Get entries	1701156422992	1701156423280	OK	 
REQUEST		Get an entry	1701156423002	1701156423282	OK	 
REQUEST		Get entries	1701156423002	1701156423282	OK	 
REQUEST		Get an entry	1701156423009	1701156423298	OK	 
REQUEST		Get entries	1701156423009	1701156423298	OK	 
REQUEST		Get entries	1701156423106	1701156423298	OK	 
REQUEST		Get an entry	1701156423009	1701156423298	OK	 
REQUEST		Get entries	1701156423009	1701156423298	OK	 
REQUEST		Get an entry	1701156423009	1701156423298	OK	 
REQUEST		Get entries	1701156423379	1701156423433	OK	 
REQUEST		Get an entry	1701156423722	1701156423780	OK	 
REQUEST		Get an entry	1701156423895	1701156423953	OK	 
REQUEST		Get an entry	1701156424206	1701156424274	OK	 
REQUEST		Get an entry	1701156424206	1701156424273	OK	 
REQUEST		Get an entry	1701156424275	1701156424507	OK	 
REQUEST		Get an entry	1701156424279	1701156424593	OK	 
REQUEST		Get an entry	1701156424281	1701156424595	OK	 
REQUEST		Get entries	1701156424279	1701156424595	OK	 
REQUEST		Get an entry	1701156424282	1701156424595	OK	 
REQUEST		Get an entry	1701156424285	1701156424615	OK	 
REQUEST		Get entries	1701156424281	1701156424619	OK	 
REQUEST		Get entries	1701156424285	1701156424619	OK	 
REQUEST		Get an entry	1701156424300	1701156424622	OK	 
REQUEST		Get an entry	1701156424300	1701156424624	OK	 
REQUEST		Get entries	1701156424300	1701156424624	OK	 
REQUEST		Get an entry	1701156424435	1701156424626	OK	 
REQUEST		Get entries	1701156424300	1701156424628	OK	 
REQUEST		Get an entry	1701156424299	1701156424628	OK	 
REQUEST		Get entries	1701156424299	1701156424629	OK	 
REQUEST		Get entries	1701156424281	1701156424630	OK	 
REQUEST		Get entries	1701156424783	1701156424843	OK	 
REQUEST		Get entries	1701156424955	1701156425011	OK	 
REQUEST		Get entries	1701156425276	1701156425344	OK	 
REQUEST		Get entries	1701156425276	1701156425346	OK	 
REQUEST		Get entries	1701156425510	1701156425567	OK	 
REQUEST		Get entries	1701156425595	1701156425925	OK	 
REQUEST		Get entries	1701156425597	1701156425927	OK	 
REQUEST		Get an entry	1701156425596	1701156425932	OK	 
REQUEST		Get entries	1701156425597	1701156425941	OK	 
REQUEST		Get entries	1701156425617	1701156425957	OK	 
REQUEST		Get an entry	1701156425620	1701156425958	OK	 
REQUEST		Get entries	1701156425623	1701156425961	OK	 
REQUEST		Get an entry	1701156425619	1701156425967	OK	 
REQUEST		Get entries	1701156425628	1701156425970	OK	 
REQUEST		Get an entry	1701156425631	1701156425971	OK	 
REQUEST		Get entries	1701156425625	1701156425973	OK	 
REQUEST		Get an entry	1701156425625	1701156425973	OK	 
REQUEST		Get entries	1701156425630	1701156425985	OK	 
REQUEST		Get an entry	1701156425630	1701156425988	OK	 
REQUEST		Get an entry	1701156425630	1701156425988	OK	 
REQUEST		Get an entry	1701156425845	1701156425988	OK	 
REQUEST		Get an entry	1701156426012	1701156426062	OK	 
REQUEST		Get an entry	1701156426348	1701156426416	OK	 
REQUEST		Get an entry	1701156426347	1701156426416	OK	 
REQUEST		Get an entry	1701156426568	1701156426620	OK	 
REQUEST		Get an entry	1701156426928	1701156427163	OK	 
REQUEST		Get an entry	1701156426943	1701156427277	OK	 
REQUEST		Get an entry	1701156426929	1701156427277	OK	 
REQUEST		Get entries	1701156426933	1701156427297	OK	 
REQUEST		Get an entry	1701156426963	1701156427308	OK	 
REQUEST		Get entries	1701156426989	1701156427310	OK	 
REQUEST		Get entries	1701156427064	1701156427312	OK	 
REQUEST		Get entries	1701156426969	1701156427316	OK	 
REQUEST		Get entries	1701156426989	1701156427316	OK	 
REQUEST		Get an entry	1701156426972	1701156427316	OK	 
REQUEST		Get an entry	1701156426987	1701156427316	OK	 
REQUEST		Get an entry	1701156426975	1701156427316	OK	 
REQUEST		Get entries	1701156426975	1701156427316	OK	 
REQUEST		Get entries	1701156426989	1701156427316	OK	 
REQUEST		Get entries	1701156426973	1701156427319	OK	 
REQUEST		Get an entry	1701156426959	1701156427320	OK	 
REQUEST		Get entries	1701156426959	1701156427320	OK	 
REQUEST		Get entries	1701156427418	1701156427491	OK	 
REQUEST		Get entries	1701156427418	1701156427494	OK	 
REQUEST		Get entries	1701156427622	1701156427672	OK	 
REQUEST		Get entries	1701156428167	1701156428222	OK	 
REQUEST		Get entries	1701156428279	1701156428464	OK	 
REQUEST		Get entries	1701156428279	1701156428503	OK	 
REQUEST		Get an entry	1701156428312	1701156428624	OK	 
REQUEST		Get an entry	1701156428299	1701156428624	OK	 
REQUEST		Get entries	1701156428310	1701156428625	OK	 
REQUEST		Get an entry	1701156428316	1701156428630	OK	 
REQUEST		Get an entry	1701156428312	1701156428638	OK	 
REQUEST		Get entries	1701156428318	1701156428641	OK	 
REQUEST		Get an entry	1701156428319	1701156428648	OK	 
REQUEST		Get entries	1701156428318	1701156428648	OK	 
REQUEST		Get entries	1701156428322	1701156428648	OK	 
REQUEST		Get an entry	1701156428317	1701156428648	OK	 
REQUEST		Get an entry	1701156428318	1701156428650	OK	 
REQUEST		Get an entry	1701156428322	1701156428651	OK	 
REQUEST		Get entries	1701156428318	1701156428654	OK	 
REQUEST		Get an entry	1701156428317	1701156428654	OK	 
REQUEST		Get an entry	1701156428493	1701156428672	OK	 
REQUEST		Get an entry	1701156428495	1701156428672	OK	 
REQUEST		Get an entry	1701156428674	1701156428726	OK	 
REQUEST		Get an entry	1701156429224	1701156429288	OK	 
REQUEST		Get an entry	1701156429465	1701156429519	OK	 
REQUEST		Get an entry	1701156429505	1701156429556	OK	 
REQUEST		Get entries	1701156429626	1701156429885	OK	 
REQUEST		Get an entry	1701156429626	1701156429905	OK	 
REQUEST		Get entries	1701156429649	1701156429975	OK	 
REQUEST		Get an entry	1701156429650	1701156429977	OK	 
REQUEST		Get entries	1701156429632	1701156429977	OK	 
REQUEST		Get an entry	1701156429643	1701156429981	OK	 
REQUEST		Get an entry	1701156429649	1701156429983	OK	 
REQUEST		Get entries	1701156429626	1701156429983	OK	 
REQUEST		Get entries	1701156429653	1701156429984	OK	 
REQUEST		Get entries	1701156429640	1701156429991	OK	 
REQUEST		Get entries	1701156429674	1701156429995	OK	 
REQUEST		Get entries	1701156429673	1701156429996	OK	 
REQUEST		Get entries	1701156429649	1701156429998	OK	 
REQUEST		Get an entry	1701156429655	1701156429998	OK	 
REQUEST		Get entries	1701156429655	1701156429998	OK	 
REQUEST		Get entries	1701156429651	1701156429998	OK	 
REQUEST		Get entries	1701156429728	1701156430001	OK	 
REQUEST		Get entries	1701156430291	1701156430352	OK	 
REQUEST		Get entries	1701156430521	1701156430574	OK	 
REQUEST		Get entries	1701156430558	1701156430613	OK	 
REQUEST		Get an entry	1701156430888	1701156430941	OK	 
REQUEST		Get entries	1701156430906	1701156430962	OK	 
REQUEST		Get an entry	1701156430978	1701156431256	OK	 
REQUEST		Get an entry	1701156430978	1701156431302	OK	 
REQUEST		Get entries	1701156430983	1701156431307	OK	 
REQUEST		Get an entry	1701156430984	1701156431307	OK	 
REQUEST		Get entries	1701156430984	1701156431307	OK	 
REQUEST		Get an entry	1701156430998	1701156431309	OK	 
REQUEST		Get entries	1701156430978	1701156431309	OK	 
REQUEST		Get an entry	1701156430993	1701156431309	OK	 
REQUEST		Get an entry	1701156431002	1701156431309	OK	 
REQUEST		Get an entry	1701156430985	1701156431309	OK	 
REQUEST		Get an entry	1701156430996	1701156431309	OK	 
REQUEST		Get entries	1701156430999	1701156431313	OK	 
REQUEST		Get an entry	1701156430999	1701156431313	OK	 
REQUEST		Get an entry	1701156430999	1701156431313	OK	 
REQUEST		Get an entry	1701156430999	1701156431313	OK	 
REQUEST		Get an entry	1701156431354	1701156431409	OK	 
REQUEST		Get an entry	1701156431576	1701156431628	OK	 
REQUEST		Get an entry	1701156431615	1701156431664	OK	 
REQUEST		Get entries	1701156431944	1701156432019	OK	 
REQUEST		Get an entry	1701156431964	1701156432019	OK	 
REQUEST		Get entries	1701156432258	1701156432311	OK	 
REQUEST		Get an entry	1701156432309	1701156432577	OK	 
REQUEST		Get an entry	1701156432309	1701156432594	OK	 
REQUEST		Get entries	1701156432310	1701156432594	OK	 
REQUEST		Get entries	1701156432304	1701156432594	OK	 
REQUEST		Get an entry	1701156432309	1701156432595	OK	 
REQUEST		Get entries	1701156432311	1701156432599	OK	 
REQUEST		Get entries	1701156432311	1701156432601	OK	 
REQUEST		Get entries	1701156432412	1701156432601	OK	 
REQUEST		Get entries	1701156432310	1701156432601	OK	 
REQUEST		Get entries	1701156432310	1701156432601	OK	 
REQUEST		Get entries	1701156432314	1701156432602	OK	 
REQUEST		Get entries	1701156432315	1701156432604	OK	 
REQUEST		Get an entry	1701156432314	1701156432604	OK	 
REQUEST		Get entries	1701156432310	1701156432604	OK	 
REQUEST		Get entries	1701156432314	1701156432604	OK	 
REQUEST		Get entries	1701156432630	1701156432689	OK	 
REQUEST		Get entries	1701156432665	1701156432719	OK	 
REQUEST		Get entries	1701156433021	1701156433084	OK	 
REQUEST		Get an entry	1701156433020	1701156433085	OK	 
REQUEST		Get an entry	1701156433313	1701156433369	OK	 
REQUEST		Get entries	1701156433579	1701156433969	OK	 
REQUEST		Get an entry	1701156433600	1701156433995	OK	 
REQUEST		Get an entry	1701156433602	1701156433995	OK	 
REQUEST		Get an entry	1701156433595	1701156433996	OK	 
REQUEST		Get an entry	1701156433595	1701156433997	OK	 
REQUEST		Get entries	1701156433597	1701156434007	OK	 
REQUEST		Get an entry	1701156433603	1701156434027	OK	 
REQUEST		Get an entry	1701156433603	1701156434027	OK	 
REQUEST		Get an entry	1701156433602	1701156434027	OK	 
REQUEST		Get entries	1701156433595	1701156434029	OK	 
REQUEST		Get an entry	1701156433603	1701156434029	OK	 
REQUEST		Get an entry	1701156433605	1701156434033	OK	 
REQUEST		Get an entry	1701156433690	1701156434033	OK	 
REQUEST		Get entries	1701156433605	1701156434034	OK	 
REQUEST		Get an entry	1701156433605	1701156434034	OK	 
REQUEST		Get an entry	1701156433605	1701156434037	OK	 
REQUEST		Get an entry	1701156433720	1701156434037	OK	 
REQUEST		Get an entry	1701156434087	1701156434156	OK	 
REQUEST		Get entries	1701156434087	1701156434159	OK	 
REQUEST		Get entries	1701156434371	1701156434424	OK	 
REQUEST		Get an entry	1701156434972	1701156435036	OK	 
REQUEST		Get entries	1701156434997	1701156435329	OK	 
REQUEST		Get entries	1701156434997	1701156435340	OK	 
REQUEST		Get entries	1701156434999	1701156435342	OK	 
REQUEST		Get entries	1701156434997	1701156435342	OK	 
REQUEST		Get entries	1701156435029	1701156435346	OK	 
REQUEST		Get an entry	1701156435031	1701156435346	OK	 
REQUEST		Get an entry	1701156435009	1701156435346	OK	 
REQUEST		Get entries	1701156435031	1701156435346	OK	 
REQUEST		Get entries	1701156435036	1701156435363	OK	 
REQUEST		Get an entry	1701156435036	1701156435363	OK	 
REQUEST		Get entries	1701156435034	1701156435363	OK	 
REQUEST		Get entries	1701156435029	1701156435363	OK	 
REQUEST		Get entries	1701156435029	1701156435363	OK	 
REQUEST		Get entries	1701156435034	1701156435368	OK	 
REQUEST		Get entries	1701156435038	1701156435369	OK	 
REQUEST		Get entries	1701156435038	1701156435385	OK	 
REQUEST		Get entries	1701156435158	1701156435392	OK	 
REQUEST		Get an entry	1701156435161	1701156435398	OK	 
REQUEST		Get an entry	1701156435426	1701156435481	OK	 
REQUEST		Get entries	1701156436037	1701156436090	OK	 
REQUEST		Get an entry	1701156436331	1701156436606	OK	 
REQUEST		Get an entry	1701156436344	1701156436700	OK	 
REQUEST		Get entries	1701156436347	1701156436729	OK	 
REQUEST		Get an entry	1701156436342	1701156436732	OK	 
REQUEST		Get an entry	1701156436343	1701156436733	OK	 
REQUEST		Get an entry	1701156436347	1701156436738	OK	 
REQUEST		Get an entry	1701156436347	1701156436738	OK	 
REQUEST		Get entries	1701156436347	1701156436738	OK	 
REQUEST		Get an entry	1701156436369	1701156436738	OK	 
REQUEST		Get an entry	1701156436364	1701156436748	OK	 
REQUEST		Get entries	1701156436364	1701156436750	OK	 
REQUEST		Get an entry	1701156436365	1701156436750	OK	 
REQUEST		Get an entry	1701156436394	1701156436750	OK	 
REQUEST		Get entries	1701156436400	1701156436753	OK	 
REQUEST		Get an entry	1701156436370	1701156436753	OK	 
REQUEST		Get an entry	1701156436364	1701156436753	OK	 
REQUEST		Get an entry	1701156436364	1701156436753	OK	 
REQUEST		Get entries	1701156436482	1701156436754	OK	 
REQUEST		Get an entry	1701156436387	1701156436754	OK	 
REQUEST		Get an entry	1701156437092	1701156437143	OK	 
REQUEST		Get entries	1701156437607	1701156437662	OK	 
REQUEST		Get entries	1701156437702	1701156437824	OK	 
REQUEST		Get an entry	1701156437738	1701156438030	OK	 
REQUEST		Get an entry	1701156437731	1701156438030	OK	 
REQUEST		Get entries	1701156437738	1701156438032	OK	 
REQUEST		Get entries	1701156437740	1701156438052	OK	 
REQUEST		Get entries	1701156437752	1701156438080	OK	 
REQUEST		Get an entry	1701156437755	1701156438080	OK	 
REQUEST		Get entries	1701156437738	1701156438080	OK	 
REQUEST		Get entries	1701156437733	1701156438080	OK	 
REQUEST		Get entries	1701156437752	1701156438080	OK	 
REQUEST		Get entries	1701156437749	1701156438080	OK	 
REQUEST		Get entries	1701156437755	1701156438080	OK	 
REQUEST		Get an entry	1701156437752	1701156438080	OK	 
REQUEST		Get entries	1701156437754	1701156438080	OK	 
REQUEST		Get entries	1701156437754	1701156438084	OK	 
REQUEST		Get an entry	1701156437755	1701156438084	OK	 
REQUEST		Get entries	1701156437755	1701156438084	OK	 
REQUEST		Get entries	1701156437735	1701156438084	OK	 
REQUEST		Get entries	1701156438145	1701156438201	OK	 
REQUEST		Get an entry	1701156438664	1701156438719	OK	 
REQUEST		Get an entry	1701156438826	1701156438880	OK	 
REQUEST		Get entries	1701156439033	1701156439188	OK	 
REQUEST		Get an entry	1701156439034	1701156439202	OK	 
REQUEST		Get entries	1701156439033	1701156439385	OK	 
REQUEST		Get an entry	1701156439054	1701156439403	OK	 
REQUEST		Get an entry	1701156439081	1701156439412	OK	 
REQUEST		Get an entry	1701156439081	1701156439412	OK	 
REQUEST		Get entries	1701156439081	1701156439412	OK	 
REQUEST		Get an entry	1701156439081	1701156439412	OK	 
REQUEST		Get an entry	1701156439081	1701156439412	OK	 
REQUEST		Get an entry	1701156439085	1701156439413	OK	 
REQUEST		Get an entry	1701156439081	1701156439413	OK	 
REQUEST		Get an entry	1701156439085	1701156439413	OK	 
REQUEST		Get an entry	1701156439081	1701156439415	OK	 
REQUEST		Get entries	1701156439081	1701156439415	OK	 
REQUEST		Get an entry	1701156439082	1701156439415	OK	 
REQUEST		Get entries	1701156439085	1701156439448	OK	 
REQUEST		Get an entry	1701156439086	1701156439459	OK	 
REQUEST		Get an entry	1701156439203	1701156439473	OK	 
REQUEST		Get entries	1701156439721	1701156439776	OK	 
REQUEST		Get entries	1701156439881	1701156439934	OK	 
REQUEST		Get an entry	1701156440189	1701156440257	OK	 
REQUEST		Get entries	1701156440204	1701156440263	OK	 
REQUEST		Get an entry	1701156440387	1701156440486	OK	 
REQUEST		Get entries	1701156440404	1701156440577	OK	 
REQUEST		Get entries	1701156440413	1701156440673	OK	 
REQUEST		Get entries	1701156440413	1701156440675	OK	 
REQUEST		Get entries	1701156440414	1701156440677	OK	 
REQUEST		Get an entry	1701156440413	1701156440677	OK	 
REQUEST		Get an entry	1701156440416	1701156440679	OK	 
REQUEST		Get entries	1701156440414	1701156440679	OK	 
REQUEST		Get entries	1701156440415	1701156440679	OK	 
REQUEST		Get entries	1701156440417	1701156440681	OK	 
REQUEST		Get entries	1701156440414	1701156440681	OK	 
REQUEST		Get entries	1701156440415	1701156440681	OK	 
REQUEST		Get entries	1701156440414	1701156440682	OK	 
REQUEST		Get an entry	1701156440450	1701156440682	OK	 
REQUEST		Get entries	1701156440460	1701156440685	OK	 
REQUEST		Get entries	1701156440475	1701156440685	OK	 
REQUEST		Get an entry	1701156440778	1701156440826	OK	 
REQUEST		Get an entry	1701156440935	1701156440982	OK	 
REQUEST		Get entries	1701156441259	1701156441335	OK	 
REQUEST		Get an entry	1701156441265	1701156441335	OK	 
REQUEST		Get entries	1701156441488	1701156441538	OK	 
REQUEST		Get an entry	1701156441577	1701156441628	OK	 
REQUEST		Get an entry	1701156441676	1701156441980	OK	 
REQUEST		Get an entry	1701156441675	1701156441986	OK	 
REQUEST		Get an entry	1701156441679	1701156441986	OK	 
REQUEST		Get an entry	1701156441681	1701156441993	OK	 
REQUEST		Get an entry	1701156441683	1701156441993	OK	 
REQUEST		Get entries	1701156441679	1701156441993	OK	 
REQUEST		Get entries	1701156441684	1701156441993	OK	 
REQUEST		Get an entry	1701156441680	1701156441995	OK	 
REQUEST		Get an entry	1701156441686	1701156441995	OK	 
REQUEST		Get entries	1701156441681	1701156441995	OK	 
REQUEST		Get an entry	1701156441682	1701156441995	OK	 
REQUEST		Get an entry	1701156441682	1701156441995	OK	 
REQUEST		Get an entry	1701156441682	1701156441997	OK	 
REQUEST		Get an entry	1701156441686	1701156441997	OK	 
REQUEST		Get entries	1701156441827	1701156442014	OK	 
REQUEST		Get entries	1701156441983	1701156442040	OK	 
REQUEST		Get an entry	1701156442336	1701156442402	OK	 
REQUEST		Get entries	1701156442337	1701156442402	OK	 
REQUEST		Get an entry	1701156442540	1701156442590	OK	 
REQUEST		Get entries	1701156442630	1701156442683	OK	 
REQUEST		Get an entry	1701156442995	1701156443256	OK	 
REQUEST		Get entries	1701156442988	1701156443335	OK	 
REQUEST		Get entries	1701156442995	1701156443335	OK	 
REQUEST		Get entries	1701156442995	1701156443335	OK	 
REQUEST		Get an entry	1701156442995	1701156443335	OK	 
REQUEST		Get an entry	1701156442996	1701156443340	OK	 
REQUEST		Get entries	1701156442981	1701156443340	OK	 
REQUEST		Get entries	1701156442987	1701156443340	OK	 
REQUEST		Get entries	1701156442996	1701156443342	OK	 
REQUEST		Get entries	1701156442997	1701156443342	OK	 
REQUEST		Get entries	1701156442998	1701156443342	OK	 
REQUEST		Get entries	1701156442996	1701156443342	OK	 
REQUEST		Get entries	1701156442997	1701156443342	OK	 
REQUEST		Get an entry	1701156443016	1701156443343	OK	 
REQUEST		Get entries	1701156443000	1701156443343	OK	 
REQUEST		Get an entry	1701156443042	1701156443344	OK	 
REQUEST		Get entries	1701156443404	1701156443484	OK	 
REQUEST		Get an entry	1701156443404	1701156443484	OK	 
REQUEST		Get entries	1701156443591	1701156443649	OK	 
REQUEST		Get an entry	1701156443685	1701156443741	OK	 
REQUEST		Get entries	1701156444256	1701156444317	OK	 
REQUEST		Get an entry	1701156444341	1701156444656	OK	 
REQUEST		Get an entry	1701156444336	1701156444656	OK	 
REQUEST		Get entries	1701156444336	1701156444657	OK	 
REQUEST		Get an entry	1701156444336	1701156444659	OK	 
REQUEST		Get an entry	1701156444336	1701156444667	OK	 
REQUEST		Get an entry	1701156444343	1701156444675	OK	 
REQUEST		Get entries	1701156444343	1701156444698	OK	 
REQUEST		Get an entry	1701156444341	1701156444698	OK	 
REQUEST		Get an entry	1701156444343	1701156444704	OK	 
REQUEST		Get an entry	1701156444343	1701156444713	OK	 
REQUEST		Get an entry	1701156444343	1701156444724	OK	 
REQUEST		Get an entry	1701156444345	1701156444726	OK	 
REQUEST		Get entries	1701156444341	1701156444726	OK	 
REQUEST		Get entries	1701156444345	1701156444737	OK	 
REQUEST		Get an entry	1701156444343	1701156444739	OK	 
REQUEST		Get an entry	1701156444485	1701156444757	OK	 
REQUEST		Get an entry	1701156444650	1701156444763	OK	 
REQUEST		Get entries	1701156444484	1701156444764	OK	 
REQUEST		Get entries	1701156444742	1701156444795	OK	 
REQUEST		Get an entry	1701156445318	1701156445374	OK	 
REQUEST		Get an entry	1701156445658	1701156445831	OK	 
REQUEST		Get entries	1701156445657	1701156445913	OK	 
REQUEST		Get entries	1701156445657	1701156445938	OK	 
REQUEST		Get entries	1701156445660	1701156445973	OK	 
REQUEST		Get entries	1701156445676	1701156445997	OK	 
REQUEST		Get an entry	1701156445699	1701156446030	OK	 
REQUEST		Get entries	1701156445668	1701156446030	OK	 
REQUEST		Get entries	1701156445698	1701156446053	OK	 
REQUEST		Get entries	1701156445705	1701156446053	OK	 
REQUEST		Get entries	1701156445726	1701156446056	OK	 
REQUEST		Get entries	1701156445714	1701156446058	OK	 
REQUEST		Get an entry	1701156445739	1701156446065	OK	 
REQUEST		Get entries	1701156445758	1701156446065	OK	 
REQUEST		Get entries	1701156445727	1701156446066	OK	 
REQUEST		Get an entry	1701156445727	1701156446066	OK	 
REQUEST		Get entries	1701156445740	1701156446066	OK	 
REQUEST		Get an entry	1701156445796	1701156446066	OK	 
REQUEST		Get entries	1701156445765	1701156446066	OK	 
REQUEST		Get an entry	1701156445765	1701156446066	OK	 
REQUEST		Get entries	1701156446377	1701156446440	OK	 
REQUEST		Get entries	1701156446833	1701156446888	OK	 
REQUEST		Get an entry	1701156446915	1701156446993	OK	 
REQUEST		Get an entry	1701156446940	1701156446996	OK	 
REQUEST		Get an entry	1701156446975	1701156447132	OK	 
REQUEST		Get an entry	1701156446999	1701156447210	OK	 
REQUEST		Get an entry	1701156447032	1701156447394	OK	 
REQUEST		Get entries	1701156447032	1701156447394	OK	 
REQUEST		Get an entry	1701156447053	1701156447396	OK	 
REQUEST		Get an entry	1701156447067	1701156447401	OK	 
REQUEST		Get an entry	1701156447067	1701156447405	OK	 
REQUEST		Get an entry	1701156447059	1701156447405	OK	 
REQUEST		Get an entry	1701156447066	1701156447405	OK	 
REQUEST		Get an entry	1701156447058	1701156447405	OK	 
REQUEST		Get an entry	1701156447066	1701156447405	OK	 
REQUEST		Get entries	1701156447067	1701156447405	OK	 
REQUEST		Get entries	1701156447068	1701156447405	OK	 
REQUEST		Get entries	1701156447066	1701156447405	OK	 
REQUEST		Get entries	1701156447066	1701156447405	OK	 
REQUEST		Get an entry	1701156447054	1701156447405	OK	 
REQUEST		Get an entry	1701156447442	1701156447495	OK	 
REQUEST		Get an entry	1701156447890	1701156447941	OK	 
REQUEST		Get entries	1701156447997	1701156448057	OK	 
REQUEST		Get entries	1701156447995	1701156448057	OK	 
REQUEST		Get entries	1701156448134	1701156448188	OK	 
REQUEST		Get entries	1701156448212	1701156448270	OK	 
REQUEST		Get entries	1701156448398	1701156448685	OK	 
REQUEST		Get an entry	1701156448396	1701156448685	OK	 
REQUEST		Get entries	1701156448397	1701156448685	OK	 
REQUEST		Get an entry	1701156448406	1701156448718	OK	 
REQUEST		Get entries	1701156448406	1701156448718	OK	 
REQUEST		Get entries	1701156448497	1701156448718	OK	 
REQUEST		Get an entry	1701156448406	1701156448718	OK	 
REQUEST		Get an entry	1701156448406	1701156448718	OK	 
REQUEST		Get entries	1701156448406	1701156448718	OK	 
REQUEST		Get an entry	1701156448407	1701156448719	OK	 
REQUEST		Get entries	1701156448406	1701156448719	OK	 
REQUEST		Get entries	1701156448407	1701156448719	OK	 
REQUEST		Get entries	1701156448406	1701156448719	OK	 
REQUEST		Get entries	1701156448406	1701156448719	OK	 
REQUEST		Get entries	1701156448403	1701156448719	OK	 
REQUEST		Get entries	1701156448943	1701156448997	OK	 
REQUEST		Get an entry	1701156449058	1701156449124	OK	 
REQUEST		Get an entry	1701156449058	1701156449124	OK	 
REQUEST		Get an entry	1701156449189	1701156449239	OK	 
REQUEST		Get an entry	1701156449272	1701156449328	OK	 
REQUEST		Get an entry	1701156449687	1701156449830	OK	 
REQUEST		Get entries	1701156449687	1701156449981	OK	 
REQUEST		Get an entry	1701156449687	1701156449981	OK	 
REQUEST		Get an entry	1701156449720	1701156449982	OK	 
REQUEST		Get an entry	1701156449720	1701156449982	OK	 
REQUEST		Get an entry	1701156449720	1701156449985	OK	 
REQUEST		Get an entry	1701156449720	1701156449985	OK	 
REQUEST		Get entries	1701156449721	1701156449985	OK	 
REQUEST		Get entries	1701156449720	1701156449985	OK	 
REQUEST		Get an entry	1701156449720	1701156449985	OK	 
REQUEST		Get an entry	1701156449719	1701156449986	OK	 
REQUEST		Get entries	1701156449720	1701156449986	OK	 
REQUEST		Get an entry	1701156449720	1701156449986	OK	 
REQUEST		Get an entry	1701156449720	1701156449986	OK	 
REQUEST		Get entries	1701156449720	1701156449986	OK	 
REQUEST		Get an entry	1701156449999	1701156450055	OK	 
REQUEST		Get entries	1701156450125	1701156450188	OK	 
REQUEST		Get entries	1701156450126	1701156450188	OK	 
REQUEST		Get entries	1701156450241	1701156450292	OK	 
REQUEST		Get entries	1701156450329	1701156450386	OK	 
REQUEST		Get entries	1701156450833	1701156450888	OK	 
REQUEST		Get an entry	1701156450983	1701156451317	OK	 
REQUEST		Get entries	1701156450983	1701156451325	OK	 
REQUEST		Get entries	1701156450984	1701156451326	OK	 
REQUEST		Get entries	1701156450983	1701156451326	OK	 
REQUEST		Get entries	1701156450987	1701156451373	OK	 
REQUEST		Get an entry	1701156450987	1701156451373	OK	 
REQUEST		Get an entry	1701156450987	1701156451373	OK	 
REQUEST		Get entries	1701156450987	1701156451373	OK	 
REQUEST		Get an entry	1701156450986	1701156451376	OK	 
REQUEST		Get an entry	1701156450987	1701156451377	OK	 
REQUEST		Get entries	1701156450987	1701156451399	OK	 
REQUEST		Get entries	1701156450987	1701156451399	OK	 
REQUEST		Get entries	1701156450986	1701156451399	OK	 
REQUEST		Get entries	1701156450986	1701156451408	OK	 
REQUEST		Get entries	1701156451056	1701156451413	OK	 
REQUEST		Get an entry	1701156451189	1701156451429	OK	 
REQUEST		Get an entry	1701156451189	1701156451432	OK	 
REQUEST		Get an entry	1701156451294	1701156451449	OK	 
REQUEST		Get an entry	1701156451388	1701156451456	OK	 
REQUEST		Get an entry	1701156451890	1701156451945	OK	 
REQUEST		Get an entry	1701156452328	1701156452449	OK	 
REQUEST		Get an entry	1701156452327	1701156452449	OK	 
REQUEST		Get entries	1701156452319	1701156452454	OK	 
REQUEST		Get an entry	1701156452326	1701156452454	OK	 
REQUEST		Get an entry	1701156452375	1701156452598	OK	 
REQUEST		Get an entry	1701156452375	1701156452632	OK	 
REQUEST		Get entries	1701156452375	1701156452681	OK	 
REQUEST		Get an entry	1701156452415	1701156452694	OK	 
REQUEST		Get an entry	1701156452400	1701156452694	OK	 
REQUEST		Get an entry	1701156452400	1701156452694	OK	 
REQUEST		Get entries	1701156452375	1701156452696	OK	 
REQUEST		Get entries	1701156452378	1701156452699	OK	 
REQUEST		Get an entry	1701156452410	1701156452699	OK	 
REQUEST		Get entries	1701156452378	1701156452699	OK	 
REQUEST		Get entries	1701156452433	1701156452699	OK	 
REQUEST		Get an entry	1701156452401	1701156452699	OK	 
REQUEST		Get entries	1701156452432	1701156452699	OK	 
REQUEST		Get entries	1701156452458	1701156452699	OK	 
REQUEST		Get entries	1701156452450	1701156452699	OK	 
REQUEST		Get entries	1701156452947	1701156453006	OK	 
REQUEST		Get entries	1701156453451	1701156453553	OK	 
REQUEST		Get entries	1701156453456	1701156453553	OK	 
REQUEST		Get entries	1701156453451	1701156453554	OK	 
REQUEST		Get an entry	1701156453456	1701156453554	OK	 
REQUEST		Get entries	1701156453600	1701156453660	OK	 
REQUEST		Get entries	1701156453634	1701156453699	OK	 
REQUEST		Get an entry	1701156453682	1701156453908	OK	 
REQUEST		Get an entry	1701156453700	1701156453938	OK	 
REQUEST		Get an entry	1701156453700	1701156453938	OK	 
REQUEST		Get entries	1701156453696	1701156453938	OK	 
REQUEST		Get an entry	1701156453696	1701156453941	OK	 
REQUEST		Get entries	1701156453696	1701156453941	OK	 
REQUEST		Get an entry	1701156453700	1701156453941	OK	 
REQUEST		Get an entry	1701156453700	1701156453945	OK	 
REQUEST		Get an entry	1701156453700	1701156453947	OK	 
REQUEST		Get entries	1701156453696	1701156453947	OK	 
REQUEST		Get entries	1701156453701	1701156453947	OK	 
REQUEST		Get entries	1701156453701	1701156453948	OK	 
REQUEST		Get an entry	1701156453700	1701156453949	OK	 
REQUEST		Get an entry	1701156454008	1701156454059	OK	 
REQUEST		Get an entry	1701156454555	1701156454659	OK	 
REQUEST		Get entries	1701156454556	1701156454663	OK	 
REQUEST		Get an entry	1701156454555	1701156454663	OK	 
REQUEST		Get an entry	1701156454555	1701156454665	OK	 
REQUEST		Get an entry	1701156454662	1701156454720	OK	 
REQUEST		Get an entry	1701156454701	1701156454762	OK	 
REQUEST		Get entries	1701156454910	1701156455072	OK	 
REQUEST		Get an entry	1701156454940	1701156455180	OK	 
REQUEST		Get entries	1701156454942	1701156455209	OK	 
REQUEST		Get an entry	1701156454949	1701156455211	OK	 
REQUEST		Get an entry	1701156454950	1701156455221	OK	 
REQUEST		Get entries	1701156454943	1701156455221	OK	 
REQUEST		Get entries	1701156454940	1701156455231	OK	 
REQUEST		Get entries	1701156454940	1701156455231	OK	 
REQUEST		Get entries	1701156454950	1701156455234	OK	 
REQUEST		Get entries	1701156454947	1701156455234	OK	 
REQUEST		Get an entry	1701156454942	1701156455235	OK	 
REQUEST		Get an entry	1701156454949	1701156455237	OK	 
REQUEST		Get entries	1701156454949	1701156455237	OK	 
REQUEST		Get entries	1701156455061	1701156455237	OK	 
REQUEST		Get entries	1701156455664	1701156455772	OK	 
REQUEST		Get entries	1701156455667	1701156455775	OK	 
REQUEST		Get an entry	1701156455664	1701156455776	OK	 
REQUEST		Get entries	1701156455661	1701156455776	OK	 
REQUEST		Get entries	1701156455721	1701156455844	OK	 
REQUEST		Get entries	1701156455764	1701156455844	OK	 
REQUEST		Get an entry	1701156456074	1701156456131	OK	 
REQUEST		Get entries	1701156456182	1701156456316	OK	 
REQUEST		Get an entry	1701156456212	1701156456336	OK	 
REQUEST		Get entries	1701156456212	1701156456471	OK	 
REQUEST		Get an entry	1701156456223	1701156456472	OK	 
REQUEST		Get an entry	1701156456234	1701156456473	OK	 
REQUEST		Get an entry	1701156456233	1701156456477	OK	 
REQUEST		Get an entry	1701156456238	1701156456477	OK	 
REQUEST		Get entries	1701156456223	1701156456478	OK	 
REQUEST		Get entries	1701156456236	1701156456478	OK	 
REQUEST		Get an entry	1701156456235	1701156456480	OK	 
REQUEST		Get an entry	1701156456235	1701156456480	OK	 
REQUEST		Get entries	1701156456239	1701156456482	OK	 
REQUEST		Get an entry	1701156456238	1701156456482	OK	 
REQUEST		Get an entry	1701156456774	1701156456894	OK	 
REQUEST		Get an entry	1701156456777	1701156456897	OK	 
REQUEST		Get an entry	1701156456777	1701156456912	OK	 
REQUEST		Get entries	1701156456777	1701156456925	OK	 
REQUEST		Get an entry	1701156456845	1701156456929	OK	 
REQUEST		Get an entry	1701156456845	1701156456933	OK	 
REQUEST		Get entries	1701156457134	1701156457186	OK	 
REQUEST		Get an entry	1701156457318	1701156457376	OK	 
REQUEST		Get entries	1701156457338	1701156457405	OK	 
REQUEST		Get an entry	1701156457473	1701156457618	OK	 
REQUEST		Get entries	1701156457475	1701156457662	OK	 
REQUEST		Get an entry	1701156457479	1701156457666	OK	 
REQUEST		Get entries	1701156457473	1701156457666	OK	 
REQUEST		Get an entry	1701156457482	1701156457667	OK	 
REQUEST		Get entries	1701156457482	1701156457668	OK	 
REQUEST		Get entries	1701156457477	1701156457668	OK	 
REQUEST		Get entries	1701156457477	1701156457671	OK	 
REQUEST		Get entries	1701156457482	1701156457671	OK	 
REQUEST		Get entries	1701156457482	1701156457671	OK	 
REQUEST		Get an entry	1701156457479	1701156457671	OK	 
REQUEST		Get entries	1701156457896	1701156457978	OK	 
REQUEST		Get entries	1701156457913	1701156458027	OK	 
REQUEST		Get entries	1701156457898	1701156458029	OK	 
REQUEST		Get an entry	1701156457927	1701156458029	OK	 
REQUEST		Get entries	1701156457930	1701156458030	OK	 
REQUEST		Get entries	1701156457936	1701156458030	OK	 
REQUEST		Get an entry	1701156458189	1701156458243	OK	 
REQUEST		Get entries	1701156458378	1701156458437	OK	 
REQUEST		Get an entry	1701156458406	1701156458460	OK	 
REQUEST		Get entries	1701156458621	1701156458694	OK	 
REQUEST		Get an entry	1701156458667	1701156458941	OK	 
REQUEST		Get an entry	1701156458664	1701156458941	OK	 
REQUEST		Get an entry	1701156458673	1701156458950	OK	 
REQUEST		Get an entry	1701156458672	1701156458950	OK	 
REQUEST		Get entries	1701156458672	1701156458950	OK	 
REQUEST		Get an entry	1701156458672	1701156458950	OK	 
REQUEST		Get an entry	1701156458669	1701156458950	OK	 
REQUEST		Get entries	1701156458669	1701156458950	OK	 
REQUEST		Get entries	1701156458667	1701156458950	OK	 
REQUEST		Get an entry	1701156458669	1701156458951	OK	 
REQUEST		Get an entry	1701156458980	1701156459048	OK	 
REQUEST		Get an entry	1701156459028	1701156459160	OK	 
REQUEST		Get entries	1701156459031	1701156459161	OK	 
REQUEST		Get an entry	1701156459031	1701156459165	OK	 
REQUEST		Get an entry	1701156459031	1701156459165	OK	 
REQUEST		Get an entry	1701156459031	1701156459166	OK	 
REQUEST		Get entries	1701156459246	1701156459301	OK	 
REQUEST		Get an entry	1701156459439	1701156459497	OK	 
REQUEST		Get entries	1701156459462	1701156459514	OK	 
REQUEST		Get an entry	1701156459696	1701156459750	OK	 
REQUEST		Get entries	1701156459943	1701156460134	OK	 
REQUEST		Get entries	1701156459943	1701156460140	OK	 
REQUEST		Get an entry	1701156459952	1701156460143	OK	 
REQUEST		Get entries	1701156459952	1701156460143	OK	 
REQUEST		Get entries	1701156459952	1701156460143	OK	 
REQUEST		Get entries	1701156459953	1701156460143	OK	 
REQUEST		Get entries	1701156459952	1701156460145	OK	 
REQUEST		Get entries	1701156459952	1701156460145	OK	 
REQUEST		Get an entry	1701156459952	1701156460147	OK	 
REQUEST		Get an entry	1701156459952	1701156460147	OK	 
REQUEST		Get entries	1701156460050	1701156460163	OK	 
REQUEST		Get an entry	1701156460162	1701156460273	OK	 
REQUEST		Get entries	1701156460167	1701156460276	OK	 
REQUEST		Get entries	1701156460162	1701156460276	OK	 
REQUEST		Get entries	1701156460168	1701156460276	OK	 
REQUEST		Get entries	1701156460166	1701156460276	OK	 
REQUEST		Get an entry	1701156460303	1701156460357	OK	 
REQUEST		Get entries	1701156460500	1701156460567	OK	 
REQUEST		Get an entry	1701156460515	1701156460569	OK	 
REQUEST		Get entries	1701156460753	1701156460807	OK	 
REQUEST		Get an entry	1701156461136	1701156461385	OK	 
REQUEST		Get an entry	1701156461145	1701156461427	OK	 
REQUEST		Get an entry	1701156461142	1701156461436	OK	 
REQUEST		Get entries	1701156461148	1701156461438	OK	 
REQUEST		Get an entry	1701156461145	1701156461438	OK	 
REQUEST		Get an entry	1701156461147	1701156461438	OK	 
REQUEST		Get an entry	1701156461145	1701156461441	OK	 
REQUEST		Get an entry	1701156461146	1701156461441	OK	 
REQUEST		Get entries	1701156461148	1701156461441	OK	 
REQUEST		Get entries	1701156461145	1701156461460	OK	 
REQUEST		Get an entry	1701156461164	1701156461504	OK	 
REQUEST		Get entries	1701156461274	1701156461541	OK	 
REQUEST		Get an entry	1701156461277	1701156461555	OK	 
REQUEST		Get an entry	1701156461277	1701156461555	OK	 
REQUEST		Get an entry	1701156461278	1701156461555	OK	 
REQUEST		Get an entry	1701156461277	1701156461555	OK	 
REQUEST		Get entries	1701156461358	1701156461556	OK	 
REQUEST		Get an entry	1701156461569	1701156461628	OK	 
REQUEST		Get entries	1701156461571	1701156461628	OK	 
REQUEST		Get an entry	1701156461809	1701156461860	OK	 
REQUEST		Get entries	1701156462387	1701156462468	OK	 
REQUEST		Get entries	1701156462429	1701156462630	OK	 
REQUEST		Get entries	1701156462438	1701156462649	OK	 
REQUEST		Get an entry	1701156462440	1701156462662	OK	 
REQUEST		Get an entry	1701156462443	1701156462662	OK	 
REQUEST		Get entries	1701156462442	1701156462664	OK	 
REQUEST		Get entries	1701156462443	1701156462664	OK	 
REQUEST		Get entries	1701156462440	1701156462696	OK	 
REQUEST		Get entries	1701156462440	1701156462723	OK	 
REQUEST		Get an entry	1701156462462	1701156462771	OK	 
REQUEST		Get an entry	1701156462544	1701156462821	OK	 
REQUEST		Get entries	1701156462556	1701156462821	OK	 
REQUEST		Get entries	1701156462556	1701156462827	OK	 
REQUEST		Get an entry	1701156462629	1701156462827	OK	 
REQUEST		Get an entry	1701156462557	1701156462827	OK	 
REQUEST		Get entries	1701156462629	1701156462827	OK	 
REQUEST		Get entries	1701156462556	1701156462827	OK	 
REQUEST		Get entries	1701156462506	1701156462828	OK	 
REQUEST		Get entries	1701156462556	1701156462829	OK	 
REQUEST		Get entries	1701156462861	1701156462913	OK	 
REQUEST		Get an entry	1701156463469	1701156463524	OK	 
REQUEST		Get an entry	1701156463632	1701156463714	OK	 
REQUEST		Get an entry	1701156463650	1701156463780	OK	 
REQUEST		Get an entry	1701156463666	1701156463804	OK	 
REQUEST		Get entries	1701156463663	1701156463805	OK	 
REQUEST		Get an entry	1701156463666	1701156463805	OK	 
REQUEST		Get entries	1701156463662	1701156463805	OK	 
REQUEST		Get an entry	1701156463698	1701156463815	OK	 
REQUEST		Get an entry	1701156463724	1701156463834	OK	 
REQUEST		Get entries	1701156463773	1701156463877	OK	 
REQUEST		Get an entry	1701156463822	1701156463932	OK	 
REQUEST		Get an entry	1701156463829	1701156464005	OK	 
REQUEST		Get entries	1701156463822	1701156464005	OK	 
REQUEST		Get entries	1701156463828	1701156464009	OK	 
REQUEST		Get an entry	1701156463829	1701156464009	OK	 
REQUEST		Get an entry	1701156463828	1701156464009	OK	 
REQUEST		Get an entry	1701156463828	1701156464012	OK	 
REQUEST		Get an entry	1701156463829	1701156464012	OK	 
REQUEST		Get entries	1701156463829	1701156464013	OK	 
REQUEST		Get an entry	1701156463913	1701156464049	OK	 
REQUEST		Get entries	1701156464526	1701156464587	OK	 
REQUEST		Get entries	1701156464716	1701156464770	OK	 
USER	ContinuousLoadSimulation	END	1701156464889
REQUEST		Get entries	1701156464783	1701156464892	OK	 
USER	ContinuousLoadSimulation	END	1701156464894
USER	ContinuousLoadSimulation	END	1701156464936
REQUEST		Get an entry	1701156464805	1701156464951	OK	 
USER	ContinuousLoadSimulation	END	1701156464952
REQUEST		Get an entry	1701156464806	1701156464969	OK	 
USER	ContinuousLoadSimulation	END	1701156464971
REQUEST		Get entries	1701156464817	1701156464978	OK	 
REQUEST		Get entries	1701156464805	1701156464978	OK	 
REQUEST		Get entries	1701156464835	1701156464979	OK	 
USER	ContinuousLoadSimulation	END	1701156464979
USER	ContinuousLoadSimulation	END	1701156464979
USER	ContinuousLoadSimulation	END	1701156464979
REQUEST		Get entries	1701156464806	1701156464980	OK	 
USER	ContinuousLoadSimulation	END	1701156464981
USER	ContinuousLoadSimulation	END	1701156465007
USER	ContinuousLoadSimulation	END	1701156465007
USER	ContinuousLoadSimulation	END	1701156465011
USER	ContinuousLoadSimulation	END	1701156465012
USER	ContinuousLoadSimulation	END	1701156465012
USER	ContinuousLoadSimulation	END	1701156465014
USER	ContinuousLoadSimulation	END	1701156465014
USER	ContinuousLoadSimulation	END	1701156465015
USER	ContinuousLoadSimulation	END	1701156465053
USER	ContinuousLoadSimulation	END	1701156465590
USER	ContinuousLoadSimulation	END	1701156465774
